#
# There is insufficient memory for the Java Runtime Environment to continue.
# Native memory allocation (malloc) failed to allocate 32744 bytes for ChunkPool::allocate
# Possible reasons:
#   The system is out of physical RAM or swap space
#   In 32 bit mode, the process size limit was hit
# Possible solutions:
#   Reduce memory load on the system
#   Increase physical memory or swap space
#   Check if swap backing store is full
#   Use 64 bit Java on a 64 bit OS
#   Decrease Java heap size (-Xmx/-Xms)
#   Decrease number of Java threads
#   Decrease Java thread stack sizes (-Xss)
#   Set larger code cache with -XX:ReservedCodeCacheSize=
# This output file may be truncated or incomplete.
#
#  Out of Memory Error (allocation.cpp:273), pid=9796, tid=0x0000000000002bac
#
# JRE version: Java(TM) SE Runtime Environment (8.0_181-b13) (build 1.8.0_181-b13)
# Java VM: Java HotSpot(TM) 64-Bit Server VM (25.181-b13 mixed mode windows-amd64 compressed oops)
# Failed to write core dump. Minidumps are not enabled by default on client versions of Windows
#

---------------  T H R E A D  ---------------

Current thread (0x00000000149da000):  JavaThread "C2 CompilerThread0" daemon [_thread_in_native, id=11180, stack(0x0000000016070000,0x0000000016170000)]

Stack: [0x0000000016070000,0x0000000016170000]
[error occurred during error reporting (printing stack bounds), id 0xc0000005]

Native frames: (J=compiled Java code, j=interpreted, Vv=VM code, C=native code)


Current CompileTask:
C2:4066346 2683 % !   4       org.apache.commons.exec.StreamPumper::run @ 26 (229 bytes)


---------------  P R O C E S S  ---------------

Java Threads: ( => current thread )
  0x000000001733c800 JavaThread "Thread-1" daemon [_thread_blocked, id=5808, stack(0x000000001ab00000,0x000000001ac00000)]
  0x00000000175cf000 JavaThread "Thread-3" daemon [_thread_in_native, id=15348, stack(0x000000001aa00000,0x000000001ab00000)]
  0x0000000017bc7000 JavaThread "Thread-2" daemon [_thread_in_native, id=4288, stack(0x0000000019880000,0x0000000019980000)]
  0x0000000016398800 JavaThread "Service Thread" daemon [_thread_blocked, id=9120, stack(0x0000000016770000,0x0000000016870000)]
  0x00000000149dd000 JavaThread "C1 CompilerThread2" daemon [_thread_blocked, id=11028, stack(0x0000000016270000,0x0000000016370000)]
  0x00000000149d2800 JavaThread "C2 CompilerThread1" daemon [_thread_blocked, id=6016, stack(0x0000000016170000,0x0000000016270000)]
=>0x00000000149da000 JavaThread "C2 CompilerThread0" daemon [_thread_in_native, id=11180, stack(0x0000000016070000,0x0000000016170000)]
  0x00000000149d7800 JavaThread "Attach Listener" daemon [_thread_blocked, id=15148, stack(0x0000000015f70000,0x0000000016070000)]
  0x00000000149d6800 JavaThread "Signal Dispatcher" daemon [_thread_blocked, id=6064, stack(0x0000000015e70000,0x0000000015f70000)]
  0x00000000023bb800 JavaThread "Finalizer" daemon [_thread_blocked, id=14956, stack(0x0000000015c50000,0x0000000015d50000)]
  0x00000000023b1000 JavaThread "Reference Handler" daemon [_thread_blocked, id=12412, stack(0x0000000015b50000,0x0000000015c50000)]
  0x00000000022c2800 JavaThread "main" [_thread_in_native, id=7152, stack(0x00000000020f0000,0x00000000021f0000)]

Other Threads:
  0x0000000014998000 VMThread [stack: 0x0000000015a50000,0x0000000015b50000] [id=10276]
  0x0000000014a2b800 WatcherThread [stack: 0x00000000169e0000,0x0000000016ae0000] [id=14784]

VM state:not at safepoint (normal execution)

VM Mutex/Monitor currently owned by a thread: None

Heap:
 PSYoungGen      total 137216K, used 18563K [0x00000000eb180000, 0x00000000f4580000, 0x0000000100000000)
  eden space 129024K, 8% used [0x00000000eb180000,0x00000000ebba0cc8,0x00000000f2f80000)
  from space 8192K, 100% used [0x00000000f3980000,0x00000000f4180000,0x00000000f4180000)
  to   space 10240K, 0% used [0x00000000f2f80000,0x00000000f2f80000,0x00000000f3980000)
 ParOldGen       total 44032K, used 13139K [0x00000000c1400000, 0x00000000c3f00000, 0x00000000eb180000)
  object space 44032K, 29% used [0x00000000c1400000,0x00000000c20d4e60,0x00000000c3f00000)
 Metaspace       used 13770K, capacity 14056K, committed 14336K, reserved 1062912K
  class space    used 1621K, capacity 1694K, committed 1792K, reserved 1048576K

Card table byte_map: [0x0000000011780000,0x0000000011980000] byte_map_base: 0x0000000011176000

Marking Bits: (ParMarkBitMap*) 0x00000000745a2d00
 Begin Bits: [0x0000000011ed0000, 0x0000000012e80000)
 End Bits:   [0x0000000012e80000, 0x0000000013e30000)

Polling page: 0x0000000000750000

CodeCache: size=245760Kb used=10013Kb max_used=10013Kb free=235746Kb
 bounds [0x00000000023c0000, 0x0000000002da0000, 0x00000000113c0000]
 total_blobs=2993 nmethods=2668 adapters=237
 compilation: enabled

Compilation events (10 events):
Event: 1389.079 Thread 0x00000000149d2800 2679  s    4       java.io.BufferedOutputStream::write (67 bytes)
Event: 1389.193 Thread 0x00000000149d2800 nmethod 2679 0x0000000002d8a9d0 code [0x0000000002d8ab40, 0x0000000002d8b0f8]
Event: 1389.243 Thread 0x00000000149da000 nmethod 2678 0x0000000002d89290 code [0x0000000002d89440, 0x0000000002d8a168]
Event: 1389.461 Thread 0x00000000149d2800 2680       4       java.io.FilterInputStream::read (9 bytes)
Event: 1389.462 Thread 0x00000000149d2800 nmethod 2680 0x0000000002d849d0 code [0x0000000002d84b20, 0x0000000002d84be8]
Event: 3970.494 Thread 0x00000000149dd000 2681 % !   3       org.apache.commons.exec.StreamPumper::run @ 26 (229 bytes)
Event: 3971.798 Thread 0x00000000149dd000 nmethod 2681% 0x0000000002d8b410 code [0x0000000002d8b660, 0x0000000002d8c8a8]
Event: 3980.885 Thread 0x00000000149dd000 2682   !   3       org.apache.commons.exec.StreamPumper::run (229 bytes)
Event: 3980.990 Thread 0x00000000149dd000 nmethod 2682 0x0000000002d8f750 code [0x0000000002d8f9a0, 0x0000000002d90b28]
Event: 4062.028 Thread 0x00000000149da000 2683 % !   4       org.apache.commons.exec.StreamPumper::run @ 26 (229 bytes)

GC Heap History (10 events):
Event: 3.995 GC heap before
{Heap before GC invocations=4 (full 0):
 PSYoungGen      total 35328K, used 35328K [0x00000000eb180000, 0x00000000ed680000, 0x0000000100000000)
  eden space 32768K, 100% used [0x00000000eb180000,0x00000000ed180000,0x00000000ed180000)
  from space 2560K, 100% used [0x00000000ed180000,0x00000000ed400000,0x00000000ed400000)
  to   space 2560K, 0% used [0x00000000ed400000,0x00000000ed400000,0x00000000ed680000)
 ParOldGen       total 44032K, used 5686K [0x00000000c1400000, 0x00000000c3f00000, 0x00000000eb180000)
  object space 44032K, 12% used [0x00000000c1400000,0x00000000c198db50,0x00000000c3f00000)
 Metaspace       used 12449K, capacity 12752K, committed 12928K, reserved 1060864K
  class space    used 1507K, capacity 1581K, committed 1664K, reserved 1048576K
Event: 4.002 GC heap after
Heap after GC invocations=4 (full 0):
 PSYoungGen      total 35328K, used 2560K [0x00000000eb180000, 0x00000000ed680000, 0x0000000100000000)
  eden space 32768K, 0% used [0x00000000eb180000,0x00000000eb180000,0x00000000ed180000)
  from space 2560K, 100% used [0x00000000ed400000,0x00000000ed680000,0x00000000ed680000)
  to   space 2560K, 0% used [0x00000000ed180000,0x00000000ed180000,0x00000000ed400000)
 ParOldGen       total 44032K, used 7633K [0x00000000c1400000, 0x00000000c3f00000, 0x00000000eb180000)
  object space 44032K, 17% used [0x00000000c1400000,0x00000000c1b74628,0x00000000c3f00000)
 Metaspace       used 12449K, capacity 12752K, committed 12928K, reserved 1060864K
  class space    used 1507K, capacity 1581K, committed 1664K, reserved 1048576K
}
Event: 4.284 GC heap before
{Heap before GC invocations=5 (full 0):
 PSYoungGen      total 35328K, used 35328K [0x00000000eb180000, 0x00000000ed680000, 0x0000000100000000)
  eden space 32768K, 100% used [0x00000000eb180000,0x00000000ed180000,0x00000000ed180000)
  from space 2560K, 100% used [0x00000000ed400000,0x00000000ed680000,0x00000000ed680000)
  to   space 2560K, 0% used [0x00000000ed180000,0x00000000ed180000,0x00000000ed400000)
 ParOldGen       total 44032K, used 7633K [0x00000000c1400000, 0x00000000c3f00000, 0x00000000eb180000)
  object space 44032K, 17% used [0x00000000c1400000,0x00000000c1b74628,0x00000000c3f00000)
 Metaspace       used 12694K, capacity 12984K, committed 13184K, reserved 1060864K
  class space    used 1533K, capacity 1616K, committed 1664K, reserved 1048576K
Event: 4.295 GC heap after
Heap after GC invocations=5 (full 0):
 PSYoungGen      total 35328K, used 2544K [0x00000000eb180000, 0x00000000eff80000, 0x0000000100000000)
  eden space 32768K, 0% used [0x00000000eb180000,0x00000000eb180000,0x00000000ed180000)
  from space 2560K, 99% used [0x00000000ed180000,0x00000000ed3fc010,0x00000000ed400000)
  to   space 7168K, 0% used [0x00000000ef880000,0x00000000ef880000,0x00000000eff80000)
 ParOldGen       total 44032K, used 10179K [0x00000000c1400000, 0x00000000c3f00000, 0x00000000eb180000)
  object space 44032K, 23% used [0x00000000c1400000,0x00000000c1df0f80,0x00000000c3f00000)
 Metaspace       used 12694K, capacity 12984K, committed 13184K, reserved 1060864K
  class space    used 1533K, capacity 1616K, committed 1664K, reserved 1048576K
}
Event: 4.715 GC heap before
{Heap before GC invocations=6 (full 0):
 PSYoungGen      total 35328K, used 35312K [0x00000000eb180000, 0x00000000eff80000, 0x0000000100000000)
  eden space 32768K, 100% used [0x00000000eb180000,0x00000000ed180000,0x00000000ed180000)
  from space 2560K, 99% used [0x00000000ed180000,0x00000000ed3fc010,0x00000000ed400000)
  to   space 7168K, 0% used [0x00000000ef880000,0x00000000ef880000,0x00000000eff80000)
 ParOldGen       total 44032K, used 10179K [0x00000000c1400000, 0x00000000c3f00000, 0x00000000eb180000)
  object space 44032K, 23% used [0x00000000c1400000,0x00000000c1df0f80,0x00000000c3f00000)
 Metaspace       used 12786K, capacity 13112K, committed 13440K, reserved 1060864K
  class space    used 1535K, capacity 1616K, committed 1664K, reserved 1048576K
Event: 4.724 GC heap after
Heap after GC invocations=6 (full 0):
 PSYoungGen      total 71680K, used 4464K [0x00000000eb180000, 0x00000000efe80000, 0x0000000100000000)
  eden space 65536K, 0% used [0x00000000eb180000,0x00000000eb180000,0x00000000ef180000)
  from space 6144K, 72% used [0x00000000ef880000,0x00000000efcdc010,0x00000000efe80000)
  to   space 6656K, 0% used [0x00000000ef180000,0x00000000ef180000,0x00000000ef800000)
 ParOldGen       total 44032K, used 10187K [0x00000000c1400000, 0x00000000c3f00000, 0x00000000eb180000)
  object space 44032K, 23% used [0x00000000c1400000,0x00000000c1df2f80,0x00000000c3f00000)
 Metaspace       used 12786K, capacity 13112K, committed 13440K, reserved 1060864K
  class space    used 1535K, capacity 1616K, committed 1664K, reserved 1048576K
}
Event: 5.134 GC heap before
{Heap before GC invocations=7 (full 0):
 PSYoungGen      total 71680K, used 70000K [0x00000000eb180000, 0x00000000efe80000, 0x0000000100000000)
  eden space 65536K, 100% used [0x00000000eb180000,0x00000000ef180000,0x00000000ef180000)
  from space 6144K, 72% used [0x00000000ef880000,0x00000000efcdc010,0x00000000efe80000)
  to   space 6656K, 0% used [0x00000000ef180000,0x00000000ef180000,0x00000000ef800000)
 ParOldGen       total 44032K, used 10187K [0x00000000c1400000, 0x00000000c3f00000, 0x00000000eb180000)
  object space 44032K, 23% used [0x00000000c1400000,0x00000000c1df2f80,0x00000000c3f00000)
 Metaspace       used 12969K, capacity 13276K, committed 13440K, reserved 1060864K
  class space    used 1538K, capacity 1622K, committed 1664K, reserved 1048576K
Event: 5.148 GC heap after
Heap after GC invocations=7 (full 0):
 PSYoungGen      total 72192K, used 6640K [0x00000000eb180000, 0x00000000f4180000, 0x0000000100000000)
  eden space 65536K, 0% used [0x00000000eb180000,0x00000000eb180000,0x00000000ef180000)
  from space 6656K, 99% used [0x00000000ef180000,0x00000000ef7fc010,0x00000000ef800000)
  to   space 8192K, 0% used [0x00000000f3980000,0x00000000f3980000,0x00000000f4180000)
 ParOldGen       total 44032K, used 11563K [0x00000000c1400000, 0x00000000c3f00000, 0x00000000eb180000)
  object space 44032K, 26% used [0x00000000c1400000,0x00000000c1f4afd0,0x00000000c3f00000)
 Metaspace       used 12969K, capacity 13276K, committed 13440K, reserved 1060864K
  class space    used 1538K, capacity 1622K, committed 1664K, reserved 1048576K
}
Event: 6.208 GC heap before
{Heap before GC invocations=8 (full 0):
 PSYoungGen      total 72192K, used 72176K [0x00000000eb180000, 0x00000000f4180000, 0x0000000100000000)
  eden space 65536K, 100% used [0x00000000eb180000,0x00000000ef180000,0x00000000ef180000)
  from space 6656K, 99% used [0x00000000ef180000,0x00000000ef7fc010,0x00000000ef800000)
  to   space 8192K, 0% used [0x00000000f3980000,0x00000000f3980000,0x00000000f4180000)
 ParOldGen       total 44032K, used 11563K [0x00000000c1400000, 0x00000000c3f00000, 0x00000000eb180000)
  object space 44032K, 26% used [0x00000000c1400000,0x00000000c1f4afd0,0x00000000c3f00000)
 Metaspace       used 13308K, capacity 13596K, committed 13696K, reserved 1060864K
  class space    used 1556K, capacity 1622K, committed 1664K, reserved 1048576K
Event: 6.237 GC heap after
Heap after GC invocations=8 (full 0):
 PSYoungGen      total 137216K, used 8192K [0x00000000eb180000, 0x00000000f4580000, 0x0000000100000000)
  eden space 129024K, 0% used [0x00000000eb180000,0x00000000eb180000,0x00000000f2f80000)
  from space 8192K, 100% used [0x00000000f3980000,0x00000000f4180000,0x00000000f4180000)
  to   space 10240K, 0% used [0x00000000f2f80000,0x00000000f2f80000,0x00000000f3980000)
 ParOldGen       total 44032K, used 13139K [0x00000000c1400000, 0x00000000c3f00000, 0x00000000eb180000)
  object space 44032K, 29% used [0x00000000c1400000,0x00000000c20d4e60,0x00000000c3f00000)
 Metaspace       used 13308K, capacity 13596K, committed 13696K, reserved 1060864K
  class space    used 1556K, capacity 1622K, committed 1664K, reserved 1048576K
}

Deoptimization events (10 events):
Event: 5.599 Thread 0x00000000022c2800 Uncommon trap: reason=bimorphic action=maybe_recompile pc=0x0000000002bc1248 method=java.util.AbstractCollection.toArray()[Ljava/lang/Object; @ 1
Event: 5.601 Thread 0x00000000022c2800 Uncommon trap: reason=bimorphic action=maybe_recompile pc=0x0000000002bc1248 method=java.util.AbstractCollection.toArray()[Ljava/lang/Object; @ 1
Event: 5.602 Thread 0x00000000022c2800 Uncommon trap: reason=bimorphic action=maybe_recompile pc=0x0000000002bc1248 method=java.util.AbstractCollection.toArray()[Ljava/lang/Object; @ 1
Event: 5.616 Thread 0x00000000022c2800 Uncommon trap: reason=bimorphic action=maybe_recompile pc=0x0000000002932b64 method=java.util.regex.Pattern$Curly.match0(Ljava/util/regex/Matcher;IILjava/lang/CharSequence;)Z @ 170
Event: 5.616 Thread 0x00000000022c2800 Uncommon trap: reason=bimorphic action=maybe_recompile pc=0x0000000002932b64 method=java.util.regex.Pattern$Curly.match0(Ljava/util/regex/Matcher;IILjava/lang/CharSequence;)Z @ 170
Event: 6.458 Thread 0x00000000022c2800 Uncommon trap: reason=predicate action=maybe_recompile pc=0x0000000002cac7f0 method=java.util.AbstractCollection.toArray()[Ljava/lang/Object; @ 21
Event: 6.523 Thread 0x00000000022c2800 Uncommon trap: reason=unstable_if action=reinterpret pc=0x0000000002877a84 method=java.util.ArrayList.remove(Ljava/lang/Object;)Z @ 46
Event: 6.525 Thread 0x00000000022c2800 Uncommon trap: reason=unstable_if action=reinterpret pc=0x0000000002c9765c method=java.util.StringTokenizer.setMaxDelimCodePoint()V @ 71
Event: 6.525 Thread 0x00000000022c2800 Uncommon trap: reason=predicate action=maybe_recompile pc=0x0000000002d18348 method=java.util.StringTokenizer.skipDelimiters(I)I @ 17
Event: 6.525 Thread 0x00000000022c2800 Uncommon trap: reason=unstable_if action=reinterpret pc=0x0000000002b55fac method=java.util.StringTokenizer.scanToken(I)I @ 96

Classes redefined (0 events):
No events

Internal exceptions (10 events):
Event: 2.479 Thread 0x00000000022c2800 Implicit null exception at 0x000000000258975b to 0x0000000002589905
Event: 3.026 Thread 0x00000000022c2800 Implicit null exception at 0x000000000286f315 to 0x00000000028705d5
Event: 4.021 Thread 0x00000000022c2800 Implicit null exception at 0x000000000277bd95 to 0x000000000277bf6d
Event: 4.021 Thread 0x00000000022c2800 Implicit null exception at 0x00000000026e2fef to 0x00000000026e3059
Event: 4.022 Thread 0x00000000022c2800 Implicit null exception at 0x00000000029bdad5 to 0x00000000029bdcd1
Event: 4.022 Thread 0x00000000022c2800 Implicit null exception at 0x000000000287a191 to 0x000000000287a995
Event: 4.023 Thread 0x00000000022c2800 Implicit null exception at 0x000000000275bebb to 0x000000000275c475
Event: 4.356 Thread 0x00000000022c2800 Implicit null exception at 0x0000000002a79ea5 to 0x0000000002a7b071
Event: 4.485 Thread 0x00000000022c2800 Implicit null exception at 0x0000000002aacde0 to 0x0000000002aadec9
Event: 6.455 Thread 0x00000000022c2800 Exception <a 'java/lang/NoClassDefFoundError': org/slf4j/Logger> (0x00000000eb571758) thrown at [C:\re\workspace\8-2-build-windows-amd64-cygwin\jdk8u181\11358\hotspot\src\share\vm\oops\constantPool.cpp, line 235]

Events (10 events):
Event: 6.559 loading class org/apache/commons/exec/InputStreamPumper done
Event: 6.559 loading class org/apache/commons/exec/InputStreamPumper
Event: 6.559 loading class org/apache/commons/exec/InputStreamPumper done
Event: 6.560 loading class org/apache/commons/exec/StreamPumper
Event: 6.560 loading class org/apache/commons/exec/StreamPumper done
Event: 6.560 loading class org/apache/commons/exec/StreamPumper
Event: 6.560 loading class org/apache/commons/exec/StreamPumper done
Event: 6.560 Thread 0x0000000017bc7000 Thread added: 0x0000000017bc7000
Event: 6.560 Thread 0x00000000175cf000 Thread added: 0x00000000175cf000
Event: 6.560 Thread 0x000000001733c800 Thread added: 0x000000001733c800


Dynamic libraries:
0x00007ff6c2e70000 - 0x00007ff6c2ea7000 	C:\Program Files\Java\jdk1.8.0_181\bin\java.exe
0x00007ffd9a450000 - 0x00007ffd9a631000 	C:\WINDOWS\SYSTEM32\ntdll.dll
0x00007ffd88460000 - 0x00007ffd88472000 	C:\Program Files\AVAST Software\Avast\aswhook.dll
0x00007ffd98200000 - 0x00007ffd982b2000 	C:\WINDOWS\System32\KERNEL32.DLL
0x00007ffd96a80000 - 0x00007ffd96cf3000 	C:\WINDOWS\System32\KERNELBASE.dll
0x00007ffd97d00000 - 0x00007ffd97da1000 	C:\WINDOWS\System32\ADVAPI32.dll
0x00007ffd9a260000 - 0x00007ffd9a2fe000 	C:\WINDOWS\System32\msvcrt.dll
0x00007ffd9a3c0000 - 0x00007ffd9a41b000 	C:\WINDOWS\System32\sechost.dll
0x00007ffd98470000 - 0x00007ffd98594000 	C:\WINDOWS\System32\RPCRT4.dll
0x00007ffd99f90000 - 0x00007ffd9a120000 	C:\WINDOWS\System32\USER32.dll
0x00007ffd968c0000 - 0x00007ffd968e0000 	C:\WINDOWS\System32\win32u.dll
0x00007ffd982c0000 - 0x00007ffd982e8000 	C:\WINDOWS\System32\GDI32.dll
0x00007ffd968e0000 - 0x00007ffd96a72000 	C:\WINDOWS\System32\gdi32full.dll
0x00007ffd96820000 - 0x00007ffd968bf000 	C:\WINDOWS\System32\msvcp_win.dll
0x00007ffd97540000 - 0x00007ffd97638000 	C:\WINDOWS\System32\ucrtbase.dll
0x00007ffd82300000 - 0x00007ffd82569000 	C:\WINDOWS\WinSxS\amd64_microsoft.windows.common-controls_6595b64144ccf1df_6.0.17134.648_none_fb45a0e93062a6d2\COMCTL32.dll
0x00007ffd979b0000 - 0x00007ffd97cd2000 	C:\WINDOWS\System32\combase.dll
0x00007ffd96d00000 - 0x00007ffd96d7a000 	C:\WINDOWS\System32\bcryptPrimitives.dll
0x00007ffd978e0000 - 0x00007ffd9790d000 	C:\WINDOWS\System32\IMM32.DLL
0x0000000073ca0000 - 0x0000000073d72000 	C:\Program Files\Java\jdk1.8.0_181\jre\bin\msvcr100.dll
0x0000000073d80000 - 0x0000000074622000 	C:\Program Files\Java\jdk1.8.0_181\jre\bin\server\jvm.dll
0x00007ffd98930000 - 0x00007ffd98938000 	C:\WINDOWS\System32\PSAPI.DLL
0x00007ffd92e70000 - 0x00007ffd92e79000 	C:\WINDOWS\SYSTEM32\WSOCK32.dll
0x00007ffd99f20000 - 0x00007ffd99f8c000 	C:\WINDOWS\System32\WS2_32.dll
0x00007ffd94740000 - 0x00007ffd94763000 	C:\WINDOWS\SYSTEM32\WINMM.dll
0x00007ffd84d90000 - 0x00007ffd84d9a000 	C:\WINDOWS\SYSTEM32\VERSION.dll
0x00007ffd94710000 - 0x00007ffd9473a000 	C:\WINDOWS\SYSTEM32\WINMMBASE.dll
0x00007ffd97830000 - 0x00007ffd97879000 	C:\WINDOWS\System32\cfgmgr32.dll
0x00000000751d0000 - 0x00000000751df000 	C:\Program Files\Java\jdk1.8.0_181\jre\bin\verify.dll
0x0000000073c30000 - 0x0000000073c59000 	C:\Program Files\Java\jdk1.8.0_181\jre\bin\java.dll
0x0000000073c10000 - 0x0000000073c26000 	C:\Program Files\Java\jdk1.8.0_181\jre\bin\zip.dll
0x00007ffd98940000 - 0x00007ffd99d80000 	C:\WINDOWS\System32\SHELL32.dll
0x00007ffd9a310000 - 0x00007ffd9a3b9000 	C:\WINDOWS\System32\shcore.dll
0x00007ffd96d80000 - 0x00007ffd9748d000 	C:\WINDOWS\System32\windows.storage.dll
0x00007ffd9a120000 - 0x00007ffd9a171000 	C:\WINDOWS\System32\shlwapi.dll
0x00007ffd96800000 - 0x00007ffd96811000 	C:\WINDOWS\System32\kernel.appcore.dll
0x00007ffd96760000 - 0x00007ffd9677f000 	C:\WINDOWS\System32\profapi.dll
0x00007ffd967b0000 - 0x00007ffd967fc000 	C:\WINDOWS\System32\powrprof.dll
0x00007ffd96780000 - 0x00007ffd9678a000 	C:\WINDOWS\System32\FLTLIB.DLL
0x0000000073bf0000 - 0x0000000073c0a000 	C:\Program Files\Java\jdk1.8.0_181\jre\bin\net.dll
0x00007ffd95f80000 - 0x00007ffd95fe6000 	C:\WINDOWS\system32\mswsock.dll
0x0000000073bd0000 - 0x0000000073be1000 	C:\Program Files\Java\jdk1.8.0_181\jre\bin\nio.dll

VM Arguments:
jvm_args: -Dclassworlds.conf=C:\Program Files\NetBeans 8.2\java\maven\bin\m2.conf -Dmaven.home=C:\Program Files\NetBeans 8.2\java\maven 
java_command: org.codehaus.plexus.classworlds.launcher.Launcher -Dexec.args=-classpath %classpath com.poussin.consommationapi.ConsommationApiApplication -Dexec.executable=C:\Program Files\Java\jdk1.8.0_181\bin\java.exe -Dmaven.ext.class.path=C:\Program Files\NetBeans 8.2\java\maven-nblib\netbeans-eventspy.jar -Dfile.encoding=UTF-8 org.codehaus.mojo:exec-maven-plugin:1.2.1:exec
java_class_path (initial): C:\Program Files\NetBeans 8.2\java\maven\boot\plexus-classworlds-2.4.jar
Launcher Type: SUN_STANDARD

Environment Variables:
JAVA_HOME=C:\Program Files\Java\jdk1.8.0_181
PATH=C:\ProgramData\Oracle\Java\javapath;C:\oraclexe\app\oracle\product\11.2.0\server\bin;C:\Program Files (x86)\Common Files\Oracle\Java\javapath;C:\WINDOWS\system32;C:\WINDOWS;C:\WINDOWS\System32\Wbem;C:\WINDOWS\System32\WindowsPowerShell\v1.0\;C:\Program Files (x86)\Java\jdk\bin;C:\WINDOWS\System32\OpenSSH\;C:\Program Files\nodejs\;C:\Program Files\Git\cmd;C:\Users\hp\AppData\Local\Microsoft\WindowsApps;C:\Users\hp\AppData\Roaming\npm;C:\Program Files (x86)\apache-maven-3.6.0\bin;C:\Program Files\Java\jdk1.8.0_191\bin;C:\Program Files (x86)\sonar-scanner-3.3.0.1492-windows\bin;
USERNAME=hp
OS=Windows_NT
PROCESSOR_IDENTIFIER=Intel64 Family 6 Model 142 Stepping 9, GenuineIntel



---------------  S Y S T E M  ---------------

OS: Windows 10.0 , 64 bit Build 17134 (10.0.17134.648)

CPU:total 4 (initial active 4) (2 cores per cpu, 2 threads per core) family 6 model 142 stepping 9, cmov, cx8, fxsr, mmx, sse, sse2, sse3, ssse3, sse4.1, sse4.2, popcnt, avx, avx2, aes, clmul, erms, 3dnowpref, lzcnt, ht, tsc, tscinvbit, bmi1, bmi2, adx

Memory: 4k page, physical 4109224k(423372k free), swap 16692136k(0k free)

vm_info: Java HotSpot(TM) 64-Bit Server VM (25.181-b13) for windows-amd64 JRE (1.8.0_181-b13), built on Jul  7 2018 04:01:33 by "java_re" with MS VC++ 10.0 (VS2010)

time: Thu Mar 21 19:10:36 2019
elapsed time: 4067 seconds (0d 1h 7m 47s)

